\BOOKMARK [1][-]{section.1}{Introduction}{}% 1
\BOOKMARK [1][-]{section.2}{Data Description}{}% 2
\BOOKMARK [1][-]{section.3}{Analysis Question 1}{}% 3
\BOOKMARK [2][-]{subsection.3.1}{Restatement of Problem}{section.3}% 4
\BOOKMARK [2][-]{subsection.3.2}{Build and Fit the Model}{section.3}% 5
\BOOKMARK [2][-]{subsection.3.3}{Checking Assumptions}{section.3}% 6
\BOOKMARK [3][-]{subsubsection.3.3.1}{Assumptions}{subsection.3.3}% 7
\BOOKMARK [3][-]{subsubsection.3.3.2}{Outliers and Influential Points}{subsection.3.3}% 8
\BOOKMARK [3][-]{subsubsection.3.3.3}{Effect by Neighborhood}{subsection.3.3}% 9
\BOOKMARK [2][-]{subsection.3.4}{Model Metrics}{section.3}% 10
\BOOKMARK [3][-]{subsubsection.3.4.1}{Adj R2}{subsection.3.4}% 11
\BOOKMARK [3][-]{subsubsection.3.4.2}{Internal Press}{subsection.3.4}% 12
\BOOKMARK [2][-]{subsection.3.5}{Parameters}{section.3}% 13
\BOOKMARK [3][-]{subsubsection.3.5.1}{Estimates}{subsection.3.5}% 14
\BOOKMARK [3][-]{subsubsection.3.5.2}{Interpretation}{subsection.3.5}% 15
\BOOKMARK [3][-]{subsubsection.3.5.3}{Confidence Intervals}{subsection.3.5}% 16
\BOOKMARK [2][-]{subsection.3.6}{Conclusion}{section.3}% 17
\BOOKMARK [1][-]{section.4}{Analysis Question 2}{}% 18
\BOOKMARK [2][-]{subsection.4.1}{Restatement of Problem}{section.4}% 19
\BOOKMARK [2][-]{subsection.4.2}{Model Selection}{section.4}% 20
\BOOKMARK [3][-]{subsubsection.4.2.1}{Stepwise}{subsection.4.2}% 21
\BOOKMARK [3][-]{subsubsection.4.2.2}{Forward}{subsection.4.2}% 22
\BOOKMARK [3][-]{subsubsection.4.2.3}{Backward}{subsection.4.2}% 23
\BOOKMARK [3][-]{subsubsection.4.2.4}{Custom}{subsection.4.2}% 24
\BOOKMARK [2][-]{subsection.4.3}{Checking Assumptions}{section.4}% 25
\BOOKMARK [3][-]{subsubsection.4.3.1}{Residual Plots}{subsection.4.3}% 26
\BOOKMARK [3][-]{subsubsection.4.3.2}{Influential point analysis \(Cook\220s D and Leverage\)}{subsection.4.3}% 27
\BOOKMARK [3][-]{subsubsection.4.3.3}{Make sure to address each assumption}{subsection.4.3}% 28
\BOOKMARK [2][-]{subsection.4.4}{Comparing Competing Models}{section.4}% 29
\BOOKMARK [3][-]{subsubsection.4.4.1}{Adj R2}{subsection.4.4}% 30
\BOOKMARK [3][-]{subsubsection.4.4.2}{Internal CV Press}{subsection.4.4}% 31
\BOOKMARK [3][-]{subsubsection.4.4.3}{Kaggle Score}{subsection.4.4}% 32
\BOOKMARK [2][-]{subsection.4.5}{Conclusion}{section.4}% 33
\BOOKMARK [1][-]{appendix.A}{Source Code for Analysis 1}{}% 34
\BOOKMARK [1][-]{appendix.B}{Source Code for Analysis 2}{}% 35
\BOOKMARK [2][-]{subsection.B.1}{Forward Selection}{appendix.B}% 36
\BOOKMARK [2][-]{subsection.B.2}{Backward Selection}{appendix.B}% 37
\BOOKMARK [2][-]{subsection.B.3}{Stepwise Selection}{appendix.B}% 38
\BOOKMARK [1][-]{appendix.C}{High Level Summary of Data}{}% 39
\BOOKMARK [1][-]{appendix.D}{Detailed Data Description}{}% 40
